<?xml version="1.0" encoding="UTF-8"?>
<!-- Generated by org.testng.reporters.JUnitReportReporter -->
<testsuite hostname="DESKTOP-V415AC9" failures="0" tests="4" name="auth.AuthFieldsFormatPositiveTest" time="1.348" errors="0" timestamp="2024-05-06T00:28:41 MSK" skipped="0">
  <testcase classname="auth.AuthFieldsFormatPositiveTest" name="checkCorrectPassword" time="0.234"/>
  <testcase classname="auth.AuthFieldsFormatPositiveTest" name="checkCorrectShortEmail" time="0.273"/>
  <testcase classname="auth.AuthFieldsFormatPositiveTest" name="checkCorrectLongEmail" time="0.544"/>
  <testcase classname="auth.AuthFieldsFormatPositiveTest" name="checkCorrectEmail" time="0.297"/>
</testsuite> <!-- auth.AuthFieldsFormatPositiveTest -->
