<?xml version="1.0" encoding="UTF-8"?>
<!-- Generated by org.testng.reporters.JUnitReportReporter -->
<testsuite hostname="DESKTOP-V415AC9" failures="0" tests="1" name="auth.AuthPositiveTest" time="2.301" errors="0" timestamp="2024-05-06T00:28:41 MSK" skipped="0">
  <testcase classname="auth.AuthPositiveTest" name="authSuccess" time="2.301"/>
</testsuite> <!-- auth.AuthPositiveTest -->
