<?xml version="1.0" encoding="UTF-8"?>
<!-- Generated by org.testng.reporters.JUnitReportReporter -->
<testsuite hostname="DESKTOP-V415AC9" failures="0" tests="2" name="adduser.AddUserPositiveTest" time="1.425" errors="0" timestamp="2024-05-06T00:28:41 MSK" skipped="0">
  <testcase classname="adduser.AddUserPositiveTest" name="necessaryFieldsFilledCorrect" time="0.338"/>
  <testcase classname="adduser.AddUserPositiveTest" name="allFieldsFilledCorrect" time="1.087"/>
</testsuite> <!-- adduser.AddUserPositiveTest -->
